# JRE version: OpenJDK Runtime Environment (8.0_242) (build 1.8.0_242-release-1644-b3-6222593)
# Java VM: OpenJDK 64-Bit Server VM (25.242-b3-6222593 mixed mode linux-amd64 compressed oops)
Heap:
 PSYoungGen      total 466944K, used 280636K [0x00000000e0000000, 0x0000000100000000, 0x0000000100000000)
  eden space 409600K, 62% used [0x00000000e0000000,0x00000000ef850ad0,0x00000000f9000000)
  from space 57344K, 45% used [0x00000000f9000000,0x00000000fa9be5f0,0x00000000fc800000)
  to   space 54784K, 0% used [0x00000000fca80000,0x00000000fca80000,0x0000000100000000)
 ParOldGen       total 335360K, used 160745K [0x00000000a0000000, 0x00000000b4780000, 0x00000000e0000000)
  object space 335360K, 47% used [0x00000000a0000000,0x00000000a9cfa6b8,0x00000000b4780000)
 Metaspace       used 145225K, capacity 159330K, committed 159448K, reserved 1187840K
  class space    used 18465K, capacity 21461K, committed 21464K, reserved 1048576K
GC Heap History (10 events):
Event: 4890,443 GC heap before
{Heap before GC invocations=46 (full 5):
 PSYoungGen      total 444928K, used 421397K [0x00000000e0000000, 0x00000000fec00000, 0x0000000100000000)
  eden space 397312K, 100% used [0x00000000e0000000,0x00000000f8400000,0x00000000f8400000)
  from space 47616K, 50% used [0x00000000fbd80000,0x00000000fd505488,0x00000000fec00000)
  to   space 53248K, 0% used [0x00000000f8400000,0x00000000f8400000,0x00000000fb800000)
 ParOldGen       total 335360K, used 155755K [0x00000000a0000000, 0x00000000b4780000, 0x00000000e0000000)
  object space 335360K, 46% used [0x00000000a0000000,0x00000000a981ac48,0x00000000b4780000)
 Metaspace       used 140221K, capacity 153044K, committed 153304K, reserved 1181696K
  class space    used 17838K, capacity 20670K, committed 20696K, reserved 1048576K
Event: 4890,460 GC heap after
Heap after GC invocations=46 (full 5):
 PSYoungGen      total 450560K, used 20810K [0x00000000e0000000, 0x00000000fff80000, 0x0000000100000000)
  eden space 397312K, 0% used [0x00000000e0000000,0x00000000e0000000,0x00000000f8400000)
  from space 53248K, 39% used [0x00000000f8400000,0x00000000f9852b88,0x00000000fb800000)
  to   space 50176K, 0% used [0x00000000fce80000,0x00000000fce80000,0x00000000fff80000)
 ParOldGen       total 335360K, used 155763K [0x00000000a0000000, 0x00000000b4780000, 0x00000000e0000000)
  object space 335360K, 46% used [0x00000000a0000000,0x00000000a981cc48,0x00000000b4780000)
 Metaspace       used 140221K, capacity 153044K, committed 153304K, reserved 1181696K
  class space    used 17838K, capacity 20670K, committed 20696K, reserved 1048576K
}
Event: 4892,023 GC heap before
{Heap before GC invocations=47 (full 5):
 PSYoungGen      total 450560K, used 418122K [0x00000000e0000000, 0x00000000fff80000, 0x0000000100000000)
  eden space 397312K, 100% used [0x00000000e0000000,0x00000000f8400000,0x00000000f8400000)
  from space 53248K, 39% used [0x00000000f8400000,0x00000000f9852b88,0x00000000fb800000)
  to   space 50176K, 0% used [0x00000000fce80000,0x00000000fce80000,0x00000000fff80000)
 ParOldGen       total 335360K, used 155763K [0x00000000a0000000, 0x00000000b4780000, 0x00000000e0000000)
  object space 335360K, 46% used [0x00000000a0000000,0x00000000a981cc48,0x00000000b4780000)
 Metaspace       used 142343K, capacity 155624K, committed 155736K, reserved 1183744K
  class space    used 18114K, capacity 21032K, committed 21080K, reserved 1048576K
Event: 4892,054 GC heap after
Heap after GC invocations=47 (full 5):
 PSYoungGen      total 465408K, used 24768K [0x00000000e0000000, 0x00000000ffa00000, 0x0000000100000000)
  eden space 420864K, 0% used [0x00000000e0000000,0x00000000e0000000,0x00000000f9b00000)
  from space 44544K, 55% used [0x00000000fce80000,0x00000000fe6b0058,0x00000000ffa00000)
  to   space 48640K, 0% used [0x00000000f9b00000,0x00000000f9b00000,0x00000000fca80000)
 ParOldGen       total 335360K, used 155771K [0x00000000a0000000, 0x00000000b4780000, 0x00000000e0000000)
  object space 335360K, 46% used [0x00000000a0000000,0x00000000a981ec48,0x00000000b4780000)
 Metaspace       used 142343K, capacity 155624K, committed 155736K, reserved 1183744K
  class space    used 18114K, capacity 21032K, committed 21080K, reserved 1048576K
}
Event: 4893,752 GC heap before
{Heap before GC invocations=48 (full 5):
 PSYoungGen      total 465408K, used 445632K [0x00000000e0000000, 0x00000000ffa00000, 0x0000000100000000)
  eden space 420864K, 100% used [0x00000000e0000000,0x00000000f9b00000,0x00000000f9b00000)
  from space 44544K, 55% used [0x00000000fce80000,0x00000000fe6b0058,0x00000000ffa00000)
  to   space 48640K, 0% used [0x00000000f9b00000,0x00000000f9b00000,0x00000000fca80000)
 ParOldGen       total 335360K, used 155779K [0x00000000a0000000, 0x00000000b4780000, 0x00000000e0000000)
  object space 335360K, 46% used [0x00000000a0000000,0x00000000a9820c88,0x00000000b4780000)
 Metaspace       used 143185K, capacity 156556K, committed 156888K, reserved 1185792K
  class space    used 18208K, capacity 21158K, committed 21208K, reserved 1048576K
Event: 4893,776 GC heap after
Heap after GC invocations=48 (full 5):
 PSYoungGen      total 469504K, used 35550K [0x00000000e0000000, 0x0000000100000000, 0x0000000100000000)
  eden space 420864K, 0% used [0x00000000e0000000,0x00000000e0000000,0x00000000f9b00000)
  from space 48640K, 73% used [0x00000000f9b00000,0x00000000fbdb7a28,0x00000000fca80000)
  to   space 51712K, 0% used [0x00000000fcd80000,0x00000000fcd80000,0x0000000100000000)
 ParOldGen       total 335360K, used 155787K [0x00000000a0000000, 0x00000000b4780000, 0x00000000e0000000)
  object space 335360K, 46% used [0x00000000a0000000,0x00000000a9822c88,0x00000000b4780000)
 Metaspace       used 143185K, capacity 156556K, committed 156888K, reserved 1185792K
  class space    used 18208K, capacity 21158K, committed 21208K, reserved 1048576K
}
Event: 4895,390 GC heap before
{Heap before GC invocations=49 (full 5):
 PSYoungGen      total 469504K, used 456414K [0x00000000e0000000, 0x0000000100000000, 0x0000000100000000)
  eden space 420864K, 100% used [0x00000000e0000000,0x00000000f9b00000,0x00000000f9b00000)
  from space 48640K, 73% used [0x00000000f9b00000,0x00000000fbdb7a28,0x00000000fca80000)
  to   space 51712K, 0% used [0x00000000fcd80000,0x00000000fcd80000,0x0000000100000000)
 ParOldGen       total 335360K, used 158974K [0x00000000a0000000, 0x00000000b4780000, 0x00000000e0000000)
  object space 335360K, 47% used [0x00000000a0000000,0x00000000a9b3f908,0x00000000b4780000)
 Metaspace       used 143333K, capacity 156766K, committed 156888K, reserved 1185792K
  class space    used 18213K, capacity 21161K, committed 21208K, reserved 1048576K
Event: 4895,414 GC heap after
Heap after GC invocations=49 (full 5):
 PSYoungGen      total 461312K, used 45194K [0x00000000e0000000, 0x0000000100000000, 0x0000000100000000)
  eden space 409600K, 0% used [0x00000000e0000000,0x00000000e0000000,0x00000000f9000000)
  from space 51712K, 87% used [0x00000000fcd80000,0x00000000ff9a2ba0,0x0000000100000000)
  to   space 57344K, 0% used [0x00000000f9000000,0x00000000f9000000,0x00000000fc800000)
 ParOldGen       total 335360K, used 158982K [0x00000000a0000000, 0x00000000b4780000, 0x00000000e0000000)
  object space 335360K, 47% used [0x00000000a0000000,0x00000000a9b41908,0x00000000b4780000)
 Metaspace       used 143333K, capacity 156766K, committed 156888K, reserved 1185792K
  class space    used 18213K, capacity 21161K, committed 21208K, reserved 1048576K
}
Event: 5227,329 GC heap before
{Heap before GC invocations=50 (full 5):
 PSYoungGen      total 461312K, used 454794K [0x00000000e0000000, 0x0000000100000000, 0x0000000100000000)
  eden space 409600K, 100% used [0x00000000e0000000,0x00000000f9000000,0x00000000f9000000)
  from space 51712K, 87% used [0x00000000fcd80000,0x00000000ff9a2ba0,0x0000000100000000)
  to   space 57344K, 0% used [0x00000000f9000000,0x00000000f9000000,0x00000000fc800000)
 ParOldGen       total 335360K, used 160737K [0x00000000a0000000, 0x00000000b4780000, 0x00000000e0000000)
  object space 335360K, 47% used [0x00000000a0000000,0x00000000a9cf86b8,0x00000000b4780000)
 Metaspace       used 144730K, capacity 158286K, committed 158424K, reserved 1185792K
  class space    used 18379K, capacity 21349K, committed 21464K, reserved 1048576K
Event: 5227,352 GC heap after
Heap after GC invocations=50 (full 5):
 PSYoungGen      total 466944K, used 26361K [0x00000000e0000000, 0x0000000100000000, 0x0000000100000000)
  eden space 409600K, 0% used [0x00000000e0000000,0x00000000e0000000,0x00000000f9000000)
  from space 57344K, 45% used [0x00000000f9000000,0x00000000fa9be5f0,0x00000000fc800000)
  to   space 54784K, 0% used [0x00000000fca80000,0x00000000fca80000,0x0000000100000000)
 ParOldGen       total 335360K, used 160745K [0x00000000a0000000, 0x00000000b4780000, 0x00000000e0000000)
  object space 335360K, 47% used [0x00000000a0000000,0x00000000a9cfa6b8,0x00000000b4780000)
 Metaspace       used 144730K, capacity 158286K, committed 158424K, reserved 1185792K
  class space    used 18379K, capacity 21349K, committed 21464K, reserved 1048576K
}

